INFO: [VRFC 10-2263] Analyzing Verilog file "/home/catalin/Desktop/CN1/lab4/Laboratorul 4/Laboratorul 4.srcs/sources_1/new/sumator_complet_1bit.v" into library xil_defaultlib
INFO: [VRFC 10-311] analyzing module sumator_complet_1bit
INFO: [VRFC 10-2263] Analyzing Verilog file "/home/catalin/Desktop/CN1/lab4/Laboratorul 4/Laboratorul 4.srcs/sources_1/new/modul_concatenare.v" into library xil_defaultlib
INFO: [VRFC 10-311] analyzing module modul_concatenare
INFO: [VRFC 10-2263] Analyzing Verilog file "/home/catalin/Desktop/CN1/lab4/Laboratorul 4/Laboratorul 4.srcs/sources_1/new/UAT.v" into library xil_defaultlib
INFO: [VRFC 10-311] analyzing module UAT
INFO: [VRFC 10-2263] Analyzing Verilog file "/home/catalin/Desktop/CN1/lab4/Laboratorul 4/Laboratorul 4.srcs/sources_1/new/extragere.v" into library xil_defaultlib
INFO: [VRFC 10-311] analyzing module extragere
INFO: [VRFC 10-2263] Analyzing Verilog file "/home/catalin/Desktop/CN1/lab4/Laboratorul 4/Laboratorul 4.srcs/sources_1/new/GUAT.v" into library xil_defaultlib
INFO: [VRFC 10-311] analyzing module GUAT
INFO: [VRFC 10-2263] Analyzing Verilog file "/home/catalin/Desktop/CN1/lab4/Laboratorul 4/Laboratorul 4.srcs/sources_1/new/extragere_GUAT.v" into library xil_defaultlib
INFO: [VRFC 10-311] analyzing module extragere_GUAT
INFO: [VRFC 10-2263] Analyzing Verilog file "/home/catalin/Desktop/CN1/lab4/Laboratorul 4/Laboratorul 4.srcs/sources_1/new/intrare.v" into library xil_defaultlib
INFO: [VRFC 10-311] analyzing module intrare
INFO: [VRFC 10-2263] Analyzing Verilog file "/home/catalin/Desktop/CN1/lab4/Laboratorul 4/Laboratorul 4.srcs/sources_1/new/intrare_c_in.v" into library xil_defaultlib
INFO: [VRFC 10-311] analyzing module intrare_c_in
INFO: [VRFC 10-2263] Analyzing Verilog file "/home/catalin/Desktop/CN1/lab4/Laboratorul 4/Laboratorul 4.srcs/sources_1/new/concatenare_suma.v" into library xil_defaultlib
INFO: [VRFC 10-311] analyzing module concatenare_suma
INFO: [VRFC 10-2263] Analyzing Verilog file "/home/catalin/Desktop/CN1/lab4/Laboratorul 4/Laboratorul 4.srcs/sources_1/new/concatenare_uat.v" into library xil_defaultlib
INFO: [VRFC 10-311] analyzing module concatenare_uat
INFO: [VRFC 10-2263] Analyzing Verilog file "/home/catalin/Desktop/CN1/lab4/Laboratorul 4/Laboratorul 4.srcs/sources_1/new/split_UAT.v" into library xil_defaultlib
INFO: [VRFC 10-311] analyzing module split_UAT
INFO: [VRFC 10-2263] Analyzing Verilog file "/home/catalin/Desktop/CN1/lab4/Laboratorul 4/Laboratorul 4.ip_user_files/bd/design_1/ip/design_1_sumator_complet_1bit_0_0/sim/design_1_sumator_complet_1bit_0_0.v" into library xil_defaultlib
INFO: [VRFC 10-311] analyzing module design_1_sumator_complet_1bit_0_0
INFO: [VRFC 10-2263] Analyzing Verilog file "/home/catalin/Desktop/CN1/lab4/Laboratorul 4/Laboratorul 4.ip_user_files/bd/design_1/ip/design_1_sumator_complet_1bit_1_0/sim/design_1_sumator_complet_1bit_1_0.v" into library xil_defaultlib
INFO: [VRFC 10-311] analyzing module design_1_sumator_complet_1bit_1_0
INFO: [VRFC 10-2263] Analyzing Verilog file "/home/catalin/Desktop/CN1/lab4/Laboratorul 4/Laboratorul 4.ip_user_files/bd/design_1/ip/design_1_sumator_complet_1bit_2_0/sim/design_1_sumator_complet_1bit_2_0.v" into library xil_defaultlib
INFO: [VRFC 10-311] analyzing module design_1_sumator_complet_1bit_2_0
INFO: [VRFC 10-2263] Analyzing Verilog file "/home/catalin/Desktop/CN1/lab4/Laboratorul 4/Laboratorul 4.ip_user_files/bd/design_1/ip/design_1_sumator_complet_1bit_3_0/sim/design_1_sumator_complet_1bit_3_0.v" into library xil_defaultlib
INFO: [VRFC 10-311] analyzing module design_1_sumator_complet_1bit_3_0
INFO: [VRFC 10-2263] Analyzing Verilog file "/home/catalin/Desktop/CN1/lab4/Laboratorul 4/Laboratorul 4.ip_user_files/bd/design_1/ip/design_1_modul_concatenare_0_0/sim/design_1_modul_concatenare_0_0.v" into library xil_defaultlib
INFO: [VRFC 10-311] analyzing module design_1_modul_concatenare_0_0
INFO: [VRFC 10-2263] Analyzing Verilog file "/home/catalin/Desktop/CN1/lab4/Laboratorul 4/Laboratorul 4.ip_user_files/bd/design_1/ip/design_1_UAT_0_0/sim/design_1_UAT_0_0.v" into library xil_defaultlib
INFO: [VRFC 10-311] analyzing module design_1_UAT_0_0
INFO: [VRFC 10-2263] Analyzing Verilog file "/home/catalin/Desktop/CN1/lab4/Laboratorul 4/Laboratorul 4.ip_user_files/bd/design_1/ip/design_1_sumator_complet_1bit_4_0/sim/design_1_sumator_complet_1bit_4_0.v" into library xil_defaultlib
INFO: [VRFC 10-311] analyzing module design_1_sumator_complet_1bit_4_0
INFO: [VRFC 10-2263] Analyzing Verilog file "/home/catalin/Desktop/CN1/lab4/Laboratorul 4/Laboratorul 4.ip_user_files/bd/design_1/ip/design_1_sumator_complet_1bit_5_0/sim/design_1_sumator_complet_1bit_5_0.v" into library xil_defaultlib
INFO: [VRFC 10-311] analyzing module design_1_sumator_complet_1bit_5_0
INFO: [VRFC 10-2263] Analyzing Verilog file "/home/catalin/Desktop/CN1/lab4/Laboratorul 4/Laboratorul 4.ip_user_files/bd/design_1/ip/design_1_sumator_complet_1bit_6_0/sim/design_1_sumator_complet_1bit_6_0.v" into library xil_defaultlib
INFO: [VRFC 10-311] analyzing module design_1_sumator_complet_1bit_6_0
INFO: [VRFC 10-2263] Analyzing Verilog file "/home/catalin/Desktop/CN1/lab4/Laboratorul 4/Laboratorul 4.ip_user_files/bd/design_1/ip/design_1_sumator_complet_1bit_7_0/sim/design_1_sumator_complet_1bit_7_0.v" into library xil_defaultlib
INFO: [VRFC 10-311] analyzing module design_1_sumator_complet_1bit_7_0
INFO: [VRFC 10-2263] Analyzing Verilog file "/home/catalin/Desktop/CN1/lab4/Laboratorul 4/Laboratorul 4.ip_user_files/bd/design_1/ip/design_1_modul_concatenare_1_0/sim/design_1_modul_concatenare_1_0.v" into library xil_defaultlib
INFO: [VRFC 10-311] analyzing module design_1_modul_concatenare_1_0
INFO: [VRFC 10-2263] Analyzing Verilog file "/home/catalin/Desktop/CN1/lab4/Laboratorul 4/Laboratorul 4.ip_user_files/bd/design_1/ip/design_1_UAT_1_0/sim/design_1_UAT_1_0.v" into library xil_defaultlib
INFO: [VRFC 10-311] analyzing module design_1_UAT_1_0
INFO: [VRFC 10-2263] Analyzing Verilog file "/home/catalin/Desktop/CN1/lab4/Laboratorul 4/Laboratorul 4.ip_user_files/bd/design_1/ip/design_1_sumator_complet_1bit_8_0/sim/design_1_sumator_complet_1bit_8_0.v" into library xil_defaultlib
INFO: [VRFC 10-311] analyzing module design_1_sumator_complet_1bit_8_0
INFO: [VRFC 10-2263] Analyzing Verilog file "/home/catalin/Desktop/CN1/lab4/Laboratorul 4/Laboratorul 4.ip_user_files/bd/design_1/ip/design_1_sumator_complet_1bit_9_0/sim/design_1_sumator_complet_1bit_9_0.v" into library xil_defaultlib
INFO: [VRFC 10-311] analyzing module design_1_sumator_complet_1bit_9_0
INFO: [VRFC 10-2263] Analyzing Verilog file "/home/catalin/Desktop/CN1/lab4/Laboratorul 4/Laboratorul 4.ip_user_files/bd/design_1/ip/design_1_sumator_complet_1bit_10_0/sim/design_1_sumator_complet_1bit_10_0.v" into library xil_defaultlib
INFO: [VRFC 10-311] analyzing module design_1_sumator_complet_1bit_10_0
INFO: [VRFC 10-2263] Analyzing Verilog file "/home/catalin/Desktop/CN1/lab4/Laboratorul 4/Laboratorul 4.ip_user_files/bd/design_1/ip/design_1_sumator_complet_1bit_11_0/sim/design_1_sumator_complet_1bit_11_0.v" into library xil_defaultlib
INFO: [VRFC 10-311] analyzing module design_1_sumator_complet_1bit_11_0
INFO: [VRFC 10-2263] Analyzing Verilog file "/home/catalin/Desktop/CN1/lab4/Laboratorul 4/Laboratorul 4.ip_user_files/bd/design_1/ip/design_1_modul_concatenare_2_0/sim/design_1_modul_concatenare_2_0.v" into library xil_defaultlib
INFO: [VRFC 10-311] analyzing module design_1_modul_concatenare_2_0
INFO: [VRFC 10-2263] Analyzing Verilog file "/home/catalin/Desktop/CN1/lab4/Laboratorul 4/Laboratorul 4.ip_user_files/bd/design_1/ip/design_1_UAT_2_0/sim/design_1_UAT_2_0.v" into library xil_defaultlib
INFO: [VRFC 10-311] analyzing module design_1_UAT_2_0
INFO: [VRFC 10-2263] Analyzing Verilog file "/home/catalin/Desktop/CN1/lab4/Laboratorul 4/Laboratorul 4.ip_user_files/bd/design_1/ip/design_1_sumator_complet_1bit_12_0/sim/design_1_sumator_complet_1bit_12_0.v" into library xil_defaultlib
INFO: [VRFC 10-311] analyzing module design_1_sumator_complet_1bit_12_0
INFO: [VRFC 10-2263] Analyzing Verilog file "/home/catalin/Desktop/CN1/lab4/Laboratorul 4/Laboratorul 4.ip_user_files/bd/design_1/ip/design_1_sumator_complet_1bit_13_0/sim/design_1_sumator_complet_1bit_13_0.v" into library xil_defaultlib
INFO: [VRFC 10-311] analyzing module design_1_sumator_complet_1bit_13_0
INFO: [VRFC 10-2263] Analyzing Verilog file "/home/catalin/Desktop/CN1/lab4/Laboratorul 4/Laboratorul 4.ip_user_files/bd/design_1/ip/design_1_sumator_complet_1bit_14_0/sim/design_1_sumator_complet_1bit_14_0.v" into library xil_defaultlib
INFO: [VRFC 10-311] analyzing module design_1_sumator_complet_1bit_14_0
INFO: [VRFC 10-2263] Analyzing Verilog file "/home/catalin/Desktop/CN1/lab4/Laboratorul 4/Laboratorul 4.ip_user_files/bd/design_1/ip/design_1_sumator_complet_1bit_15_0/sim/design_1_sumator_complet_1bit_15_0.v" into library xil_defaultlib
INFO: [VRFC 10-311] analyzing module design_1_sumator_complet_1bit_15_0
INFO: [VRFC 10-2263] Analyzing Verilog file "/home/catalin/Desktop/CN1/lab4/Laboratorul 4/Laboratorul 4.ip_user_files/bd/design_1/ip/design_1_modul_concatenare_3_0/sim/design_1_modul_concatenare_3_0.v" into library xil_defaultlib
INFO: [VRFC 10-311] analyzing module design_1_modul_concatenare_3_0
INFO: [VRFC 10-2263] Analyzing Verilog file "/home/catalin/Desktop/CN1/lab4/Laboratorul 4/Laboratorul 4.ip_user_files/bd/design_1/ip/design_1_UAT_3_0/sim/design_1_UAT_3_0.v" into library xil_defaultlib
INFO: [VRFC 10-311] analyzing module design_1_UAT_3_0
INFO: [VRFC 10-2263] Analyzing Verilog file "/home/catalin/Desktop/CN1/lab4/Laboratorul 4/Laboratorul 4.ip_user_files/bd/design_1/ip/design_1_extragere_0_0/sim/design_1_extragere_0_0.v" into library xil_defaultlib
INFO: [VRFC 10-311] analyzing module design_1_extragere_0_0
INFO: [VRFC 10-2263] Analyzing Verilog file "/home/catalin/Desktop/CN1/lab4/Laboratorul 4/Laboratorul 4.ip_user_files/bd/design_1/ip/design_1_extragere_1_0/sim/design_1_extragere_1_0.v" into library xil_defaultlib
INFO: [VRFC 10-311] analyzing module design_1_extragere_1_0
INFO: [VRFC 10-2263] Analyzing Verilog file "/home/catalin/Desktop/CN1/lab4/Laboratorul 4/Laboratorul 4.ip_user_files/bd/design_1/ip/design_1_GUAT_0_0/sim/design_1_GUAT_0_0.v" into library xil_defaultlib
INFO: [VRFC 10-311] analyzing module design_1_GUAT_0_0
INFO: [VRFC 10-2263] Analyzing Verilog file "/home/catalin/Desktop/CN1/lab4/Laboratorul 4/Laboratorul 4.ip_user_files/bd/design_1/ip/design_1_extragere_GUAT_0_0/sim/design_1_extragere_GUAT_0_0.v" into library xil_defaultlib
INFO: [VRFC 10-311] analyzing module design_1_extragere_GUAT_0_0
INFO: [VRFC 10-2263] Analyzing Verilog file "/home/catalin/Desktop/CN1/lab4/Laboratorul 4/Laboratorul 4.ip_user_files/bd/design_1/ip/design_1_intrare_0_1/sim/design_1_intrare_0_1.v" into library xil_defaultlib
INFO: [VRFC 10-311] analyzing module design_1_intrare_0_1
INFO: [VRFC 10-2263] Analyzing Verilog file "/home/catalin/Desktop/CN1/lab4/Laboratorul 4/Laboratorul 4.ip_user_files/bd/design_1/ip/design_1_intrare_c_in_0_0/sim/design_1_intrare_c_in_0_0.v" into library xil_defaultlib
INFO: [VRFC 10-311] analyzing module design_1_intrare_c_in_0_0
INFO: [VRFC 10-2263] Analyzing Verilog file "/home/catalin/Desktop/CN1/lab4/Laboratorul 4/Laboratorul 4.ip_user_files/bd/design_1/ip/design_1_concatenare_suma_0_0/sim/design_1_concatenare_suma_0_0.v" into library xil_defaultlib
INFO: [VRFC 10-311] analyzing module design_1_concatenare_suma_0_0
INFO: [VRFC 10-2263] Analyzing Verilog file "/home/catalin/Desktop/CN1/lab4/Laboratorul 4/Laboratorul 4.ip_user_files/bd/design_1/ip/design_1_concatenare_uat_0_0/sim/design_1_concatenare_uat_0_0.v" into library xil_defaultlib
INFO: [VRFC 10-311] analyzing module design_1_concatenare_uat_0_0
INFO: [VRFC 10-2263] Analyzing Verilog file "/home/catalin/Desktop/CN1/lab4/Laboratorul 4/Laboratorul 4.ip_user_files/bd/design_1/ip/design_1_split_UAT_0_0/sim/design_1_split_UAT_0_0.v" into library xil_defaultlib
INFO: [VRFC 10-311] analyzing module design_1_split_UAT_0_0
INFO: [VRFC 10-2263] Analyzing Verilog file "/home/catalin/Desktop/CN1/lab4/Laboratorul 4/Laboratorul 4.ip_user_files/bd/design_1/ip/design_1_split_UAT_1_0/sim/design_1_split_UAT_1_0.v" into library xil_defaultlib
INFO: [VRFC 10-311] analyzing module design_1_split_UAT_1_0
INFO: [VRFC 10-2263] Analyzing Verilog file "/home/catalin/Desktop/CN1/lab4/Laboratorul 4/Laboratorul 4.ip_user_files/bd/design_1/ip/design_1_split_UAT_2_0/sim/design_1_split_UAT_2_0.v" into library xil_defaultlib
INFO: [VRFC 10-311] analyzing module design_1_split_UAT_2_0
INFO: [VRFC 10-2263] Analyzing Verilog file "/home/catalin/Desktop/CN1/lab4/Laboratorul 4/Laboratorul 4.ip_user_files/bd/design_1/ip/design_1_split_UAT_3_0/sim/design_1_split_UAT_3_0.v" into library xil_defaultlib
INFO: [VRFC 10-311] analyzing module design_1_split_UAT_3_0
INFO: [VRFC 10-2263] Analyzing Verilog file "/home/catalin/Desktop/CN1/lab4/Laboratorul 4/Laboratorul 4.ip_user_files/bd/design_1/sim/design_1.v" into library xil_defaultlib
INFO: [VRFC 10-311] analyzing module design_1
INFO: [VRFC 10-2263] Analyzing Verilog file "/home/catalin/Desktop/CN1/lab4/Laboratorul 4/Laboratorul 4.gen/sources_1/bd/design_1/hdl/design_1_wrapper.v" into library xil_defaultlib
INFO: [VRFC 10-311] analyzing module design_1_wrapper
INFO: [VRFC 10-2263] Analyzing Verilog file "/home/catalin/Desktop/CN1/lab4/Laboratorul 4/Laboratorul 4.srcs/sim_1/new/test2.v" into library xil_defaultlib
INFO: [VRFC 10-311] analyzing module test2
