Vivado Simulator 2020.2
Copyright 1986-1999, 2001-2020 Xilinx, Inc. All Rights Reserved.
Running: /tools/Xilinx/Vivado/2020.2/bin/unwrapped/lnx64.o/xelab -wto 5d19ea7d4a9746d58e120a2cb60a300d --incr --debug typical --relax --mt 8 -L xil_defaultlib -L unisims_ver -L unimacro_ver -L secureip -L xpm --snapshot test1_behav xil_defaultlib.test1 xil_defaultlib.glbl -log elaborate.log 
Using 8 slave threads.
Starting static elaboration
Pass Through NonSizing Optimizer
Completed static elaboration
Starting simulation data flow analysis
Completed simulation data flow analysis
Time Resolution for simulation is 1ps
Compiling module xil_defaultlib.gateXOR
Compiling module xil_defaultlib.design_1_gateXOR_0_0
Compiling module xil_defaultlib.design_1_gateXOR_1_0
Compiling module xil_defaultlib.design_1_gateXOR_2_0
Compiling module xil_defaultlib.registruBuffer
Compiling module xil_defaultlib.design_1_registruBuffer_0_0
Compiling module xil_defaultlib.design_1_registruBuffer_1_0
Compiling module xil_defaultlib.design_1_registruBuffer_2_0
Compiling module xil_defaultlib.design_1_registruBuffer_3_0
Compiling module xil_defaultlib.design_1_registruBuffer_4_0
Compiling module xil_defaultlib.design_1
Compiling module xil_defaultlib.design_1_wrapper
Compiling module xil_defaultlib.test1
Compiling module xil_defaultlib.glbl
Built simulation snapshot test1_behav
